0 info it worked if it ends with ok
1 verbose cli [ '/usr/local/Cellar/node/5.0.0/bin/node',
1 verbose cli   '/usr/local/bin/npm',
1 verbose cli   'run',
1 verbose cli   'debug' ]
2 info using npm@3.3.9
3 info using node@v5.0.0
4 verbose run-script [ 'predebug', 'debug', 'postdebug' ]
5 info lifecycle jsrunner2-servercode@1.0.0~predebug: jsrunner2-servercode@1.0.0
6 silly lifecycle jsrunner2-servercode@1.0.0~predebug: no script for predebug, continuing
7 info lifecycle jsrunner2-servercode@1.0.0~debug: jsrunner2-servercode@1.0.0
8 verbose lifecycle jsrunner2-servercode@1.0.0~debug: unsafe-perm in lifecycle true
9 verbose lifecycle jsrunner2-servercode@1.0.0~debug: PATH: /usr/local/lib/node_modules/npm/bin/node-gyp-bin:/Users/kate/Downloads/jsrunner2/node_modules/.bin:/usr/local/bin:/usr/bin:/bin:/usr/sbin:/sbin
10 verbose lifecycle jsrunner2-servercode@1.0.0~debug: CWD: /Users/kate/Downloads/jsrunner2
11 silly lifecycle jsrunner2-servercode@1.0.0~debug: Args: [ '-c', 'coderunner debug' ]
12 silly lifecycle jsrunner2-servercode@1.0.0~debug: Returned: code: 1  signal: null
13 info lifecycle jsrunner2-servercode@1.0.0~debug: Failed to exec debug script
14 verbose stack Error: jsrunner2-servercode@1.0.0 debug: `coderunner debug`
14 verbose stack Exit status 1
14 verbose stack     at EventEmitter.<anonymous> (/usr/local/lib/node_modules/npm/lib/utils/lifecycle.js:233:16)
14 verbose stack     at emitTwo (events.js:87:13)
14 verbose stack     at EventEmitter.emit (events.js:172:7)
14 verbose stack     at ChildProcess.<anonymous> (/usr/local/lib/node_modules/npm/lib/utils/spawn.js:24:14)
14 verbose stack     at emitTwo (events.js:87:13)
14 verbose stack     at ChildProcess.emit (events.js:172:7)
14 verbose stack     at maybeClose (internal/child_process.js:818:16)
14 verbose stack     at Process.ChildProcess._handle.onexit (internal/child_process.js:211:5)
15 verbose pkgid jsrunner2-servercode@1.0.0
16 verbose cwd /Users/kate/Downloads/jsrunner2
17 error Darwin 14.5.0
18 error argv "/usr/local/Cellar/node/5.0.0/bin/node" "/usr/local/bin/npm" "run" "debug"
19 error node v5.0.0
20 error npm  v3.3.9
21 error code ELIFECYCLE
22 error jsrunner2-servercode@1.0.0 debug: `coderunner debug`
22 error Exit status 1
23 error Failed at the jsrunner2-servercode@1.0.0 debug script 'coderunner debug'.
23 error This is most likely a problem with the jsrunner2-servercode package,
23 error not with npm itself.
23 error Tell the author that this fails on your system:
23 error     coderunner debug
23 error You can get their info via:
23 error     npm owner ls jsrunner2-servercode
23 error There is likely additional logging output above.
24 verbose exit [ 1, true ]
